<?xml version="1.0" encoding="UTF-8"?>
<!-- Generated by org.testng.reporters.JUnitReportReporter -->
<testsuite hostname="CIPL-LPT-877" failures="0" tests="1" name="com.qa.nil.tests.LoginPageTest" time="8.776" errors="0" timestamp="2023-05-10T11:52:47 IST" skipped="0">
  <testcase classname="com.qa.nil.tests.LoginPageTest" name="loginWithEmailTest" time="8.776"/>
  <system-out/>
</testsuite> <!-- com.qa.nil.tests.LoginPageTest -->
