<?xml version="1.0" encoding="UTF-8"?>
<!-- Generated by org.testng.reporters.JUnitReportReporter -->
<testsuite hostname="CIPL-LPT-877" failures="0" tests="1" name="com.qa.nxconnect.tests.DashboardTestPage" time="6.577" errors="0" timestamp="2022-09-27T19:07:00 IST" skipped="0">
  <testcase classname="com.qa.nxconnect.tests.DashboardTestPage" name="sharePopupTest" time="6.577"/>
  <system-out/>
</testsuite> <!-- com.qa.nxconnect.tests.DashboardTestPage -->
