<?xml version="1.0" encoding="UTF-8"?>
<!-- Generated by org.testng.reporters.JUnitReportReporter -->
<testsuite hostname="CIPL-LPT-877" failures="0" tests="1" name="com.qa.nxconnect.tests.GraphqlJsonTest" time="3.378" errors="0" timestamp="2022-10-18T19:15:56 IST" skipped="0">
  <testcase classname="com.qa.nxconnect.tests.GraphqlJsonTest" name="getAlluser_withPojoTest" time="3.378"/>
  <system-out/>
</testsuite> <!-- com.qa.nxconnect.tests.GraphqlJsonTest -->
