<?xml version="1.0" encoding="UTF-8"?>
<!-- Generated by org.testng.reporters.JUnitReportReporter -->
<testsuite hostname="CIPL-LPT-877" failures="0" tests="1" name="com.qa.nil.tests.HomePageTestPage" time="5.965" errors="0" timestamp="2023-05-22T13:07:21 IST" skipped="0">
  <testcase classname="com.qa.nil.tests.HomePageTestPage" name="joinClubCancelbtnTest" time="5.965"/>
  <system-out/>
</testsuite> <!-- com.qa.nil.tests.HomePageTestPage -->
